https://repo1.dso.mil/dsop/bitnami/postgres/postgresql11
https://repo1.dso.mil/dsop/opensource/redis/redis6
https://repo1.dso.mil/dsop/bitnami/rabbitmq/rabbitmq312
https://repo1.dso.mil/dsop/opensource/apache/couchdb_3
https://repo1.dso.mil/dsop/bitnami/influxdb
https://repo1.dso.mil/dsop/opensource/postgres/postgresql-15/postgresql15
https://repo1.dso.mil/dsop/bitnami/redis
https://repo1.dso.mil/dsop/bitnami/mysql8
https://repo1.dso.mil/dsop/elastic/kibana/kibana
https://repo1.dso.mil/dsop/opensource/fluentd/fluentd
https://repo1.dso.mil/dsop/opensource/keycloak/keycloak
https://repo1.dso.mil/dsop/opensource/ansible/ansible-lint
https://repo1.dso.mil/dsop/opensource/apache/apache2
https://repo1.dso.mil/dsop/opensource/bats/bats
https://repo1.dso.mil/dsop/hashicorp/consul/1.17
https://repo1.dso.mil/dsop/elastic/elasticsearch/elasticsearch
https://repo1.dso.mil/dsop/opensource/etcd/etcd
https://repo1.dso.mil/dsop/opensource/fluent/fluent-bit
https://repo1.dso.mil/dsop/opensource/fluentd/fluentd
https://repo1.dso.mil/dsop/opensource/fluentd/fluentd-elasticsearch
https://repo1.dso.mil/dsop/opensource/git-lfs/git-lfs
https://repo1.dso.mil/dsop/opensource/hadolint/hadolint
https://repo1.dso.mil/dsop/opensource/haproxy/haproxy20
https://repo1.dso.mil/dsop/opensource/haproxy/haproxy22
https://repo1.dso.mil/dsop/opensource/haproxy/haproxy24
https://repo1.dso.mil/dsop/opensource/mariadb/mariadb105
https://repo1.dso.mil/dsop/opensource/mariadb/mariadb106
https://repo1.dso.mil/dsop/opensource/minio/mc
https://repo1.dso.mil/dsop/opensource/memcached/memcached
https://repo1.dso.mil/dsop/opensource/mongodb/mongodb
https://repo1.dso.mil/dsop/opensource/mysql/mysql8
https://repo1.dso.mil/dsop/opensource/nginx/nginx
https://repo1.dso.mil/dsop/opensource/nginx/nginx-alpine
https://repo1.dso.mil/dsop/opensource/pause/pause
https://repo1.dso.mil/dsop/opensource/redis/redis6-alpine
https://repo1.dso.mil/dsop/opensource/shellcheck/shellcheck
https://repo1.dso.mil/dsop/opensource/sqlite/sqlite
https://repo1.dso.mil/dsop/hashicorp/terraform/1.7
https://repo1.dso.mil/dsop/opensource/traefik/traefik
https://repo1.dso.mil/dsop/opensource/yq/yq
https://repo1.dso.mil/dsop/opensource/apache/zookeeper